{"/Users/rahul_behera/Desktop/backend-evaluation/database/models/company.js": {"path":"/Users/rahul_behera/Desktop/backend-evaluation/database/models/company.js","statementMap":{"0":{"start":{"line":4,"column":4},"end":{"line":4,"column":24}},"1":{"start":{"line":5,"column":0},"end":{"line":31,"column":2}},"2":{"start":{"line":13,"column":6},"end":{"line":16,"column":9}},"3":{"start":{"line":19,"column":2},"end":{"line":29,"column":5}},"4":{"start":{"line":30,"column":2},"end":{"line":30,"column":17}}},"fnMap":{"0":{"name":"(anonymous_0)","decl":{"start":{"line":5,"column":17},"end":{"line":5,"column":18}},"loc":{"start":{"line":5,"column":43},"end":{"line":31,"column":1}},"line":5},"1":{"name":"(anonymous_1)","decl":{"start":{"line":12,"column":4},"end":{"line":12,"column":5}},"loc":{"start":{"line":12,"column":29},"end":{"line":17,"column":5}},"line":12}},"branchMap":{},"s":{"0":4,"1":4,"2":4,"3":4,"4":4},"f":{"0":4,"1":4},"b":{},"_coverageSchema":"1a1c01bbd47fc00a2c39e90264f33305004495a9","hash":"03697636d78c6e75ad060dee9d0adcbd0ae6dd03"}
,"/Users/rahul_behera/Desktop/backend-evaluation/database/models/index.js": {"path":"/Users/rahul_behera/Desktop/backend-evaluation/database/models/index.js","statementMap":{"0":{"start":{"line":3,"column":11},"end":{"line":3,"column":24}},"1":{"start":{"line":4,"column":13},"end":{"line":4,"column":28}},"2":{"start":{"line":5,"column":18},"end":{"line":5,"column":38}},"3":{"start":{"line":6,"column":16},"end":{"line":6,"column":34}},"4":{"start":{"line":7,"column":17},"end":{"line":7,"column":42}},"5":{"start":{"line":8,"column":12},"end":{"line":8,"column":49}},"6":{"start":{"line":9,"column":15},"end":{"line":9,"column":65}},"7":{"start":{"line":10,"column":11},"end":{"line":10,"column":13}},"8":{"start":{"line":13,"column":0},"end":{"line":17,"column":1}},"9":{"start":{"line":14,"column":2},"end":{"line":14,"column":74}},"10":{"start":{"line":16,"column":2},"end":{"line":16,"column":87}},"11":{"start":{"line":19,"column":0},"end":{"line":32,"column":5}},"12":{"start":{"line":22,"column":4},"end":{"line":27,"column":6}},"13":{"start":{"line":30,"column":18},"end":{"line":30,"column":85}},"14":{"start":{"line":31,"column":4},"end":{"line":31,"column":27}},"15":{"start":{"line":34,"column":0},"end":{"line":38,"column":3}},"16":{"start":{"line":35,"column":2},"end":{"line":37,"column":3}},"17":{"start":{"line":36,"column":4},"end":{"line":36,"column":32}},"18":{"start":{"line":40,"column":0},"end":{"line":40,"column":25}},"19":{"start":{"line":41,"column":0},"end":{"line":41,"column":25}},"20":{"start":{"line":43,"column":0},"end":{"line":43,"column":20}}},"fnMap":{"0":{"name":"(anonymous_0)","decl":{"start":{"line":21,"column":10},"end":{"line":21,"column":11}},"loc":{"start":{"line":21,"column":18},"end":{"line":28,"column":3}},"line":21},"1":{"name":"(anonymous_1)","decl":{"start":{"line":29,"column":11},"end":{"line":29,"column":12}},"loc":{"start":{"line":29,"column":19},"end":{"line":32,"column":3}},"line":29},"2":{"name":"(anonymous_2)","decl":{"start":{"line":34,"column":24},"end":{"line":34,"column":25}},"loc":{"start":{"line":34,"column":37},"end":{"line":38,"column":1}},"line":34}},"branchMap":{"0":{"loc":{"start":{"line":8,"column":12},"end":{"line":8,"column":49}},"type":"binary-expr","locations":[{"start":{"line":8,"column":12},"end":{"line":8,"column":32}},{"start":{"line":8,"column":36},"end":{"line":8,"column":49}}],"line":8},"1":{"loc":{"start":{"line":13,"column":0},"end":{"line":17,"column":1}},"type":"if","locations":[{"start":{"line":13,"column":0},"end":{"line":17,"column":1}},{"start":{"line":15,"column":7},"end":{"line":17,"column":1}}],"line":13},"2":{"loc":{"start":{"line":23,"column":6},"end":{"line":26,"column":37}},"type":"binary-expr","locations":[{"start":{"line":23,"column":6},"end":{"line":23,"column":29}},{"start":{"line":24,"column":6},"end":{"line":24,"column":23}},{"start":{"line":25,"column":6},"end":{"line":25,"column":30}},{"start":{"line":26,"column":6},"end":{"line":26,"column":37}}],"line":23},"3":{"loc":{"start":{"line":35,"column":2},"end":{"line":37,"column":3}},"type":"if","locations":[{"start":{"line":35,"column":2},"end":{"line":37,"column":3}},{"start":{},"end":{}}],"line":35}},"s":{"0":4,"1":4,"2":4,"3":4,"4":4,"5":4,"6":4,"7":4,"8":4,"9":0,"10":4,"11":4,"12":12,"13":8,"14":8,"15":4,"16":8,"17":8,"18":4,"19":4,"20":4},"f":{"0":12,"1":8,"2":8},"b":{"0":[4,0],"1":[0,4],"2":[12,12,8,8],"3":[8,0]},"_coverageSchema":"1a1c01bbd47fc00a2c39e90264f33305004495a9","hash":"57665a7284461072b982c442e07fc69648e8231a"}
,"/Users/rahul_behera/Desktop/backend-evaluation/database/models/sector.js": {"path":"/Users/rahul_behera/Desktop/backend-evaluation/database/models/sector.js","statementMap":{"0":{"start":{"line":4,"column":4},"end":{"line":4,"column":24}},"1":{"start":{"line":5,"column":0},"end":{"line":26,"column":2}},"2":{"start":{"line":13,"column":6},"end":{"line":16,"column":9}},"3":{"start":{"line":19,"column":2},"end":{"line":24,"column":5}},"4":{"start":{"line":25,"column":2},"end":{"line":25,"column":16}}},"fnMap":{"0":{"name":"(anonymous_0)","decl":{"start":{"line":5,"column":17},"end":{"line":5,"column":18}},"loc":{"start":{"line":5,"column":43},"end":{"line":26,"column":1}},"line":5},"1":{"name":"(anonymous_1)","decl":{"start":{"line":12,"column":4},"end":{"line":12,"column":5}},"loc":{"start":{"line":12,"column":29},"end":{"line":17,"column":5}},"line":12}},"branchMap":{},"s":{"0":4,"1":4,"2":4,"3":4,"4":4},"f":{"0":4,"1":4},"b":{},"_coverageSchema":"1a1c01bbd47fc00a2c39e90264f33305004495a9","hash":"9f0b7ee698dd42db369b9336cf9903ef812ca902"}
,"/Users/rahul_behera/Desktop/backend-evaluation/src/constants/index.js": {"path":"/Users/rahul_behera/Desktop/backend-evaluation/src/constants/index.js","statementMap":{"0":{"start":{"line":1,"column":28},"end":{"line":1,"column":58}},"1":{"start":{"line":2,"column":27},"end":{"line":2,"column":61}},"2":{"start":{"line":4,"column":0},"end":{"line":4,"column":61}}},"fnMap":{},"branchMap":{},"s":{"0":4,"1":4,"2":4},"f":{},"b":{},"_coverageSchema":"1a1c01bbd47fc00a2c39e90264f33305004495a9","hash":"9472c990c430883474818e996fd32ad8bf17cbdf"}
,"/Users/rahul_behera/Desktop/backend-evaluation/src/controllers/company.js": {"path":"/Users/rahul_behera/Desktop/backend-evaluation/src/controllers/company.js","statementMap":{"0":{"start":{"line":1,"column":27},"end":{"line":1,"column":49}},"1":{"start":{"line":2,"column":13},"end":{"line":12,"column":1}},"2":{"start":{"line":3,"column":2},"end":{"line":11,"column":3}},"3":{"start":{"line":4,"column":17},"end":{"line":4,"column":25}},"4":{"start":{"line":5,"column":17},"end":{"line":5,"column":48}},"5":{"start":{"line":6,"column":4},"end":{"line":6,"column":122}},"6":{"start":{"line":6,"column":49},"end":{"line":6,"column":117}},"7":{"start":{"line":8,"column":4},"end":{"line":10,"column":7}},"8":{"start":{"line":14,"column":15},"end":{"line":25,"column":1}},"9":{"start":{"line":15,"column":2},"end":{"line":24,"column":3}},"10":{"start":{"line":16,"column":15},"end":{"line":16,"column":27}},"11":{"start":{"line":17,"column":17},"end":{"line":17,"column":25}},"12":{"start":{"line":18,"column":17},"end":{"line":18,"column":54}},"13":{"start":{"line":19,"column":4},"end":{"line":19,"column":31}},"14":{"start":{"line":21,"column":4},"end":{"line":23,"column":7}},"15":{"start":{"line":27,"column":0},"end":{"line":27,"column":32}}},"fnMap":{"0":{"name":"(anonymous_0)","decl":{"start":{"line":2,"column":13},"end":{"line":2,"column":14}},"loc":{"start":{"line":2,"column":33},"end":{"line":12,"column":1}},"line":2},"1":{"name":"(anonymous_1)","decl":{"start":{"line":6,"column":34},"end":{"line":6,"column":35}},"loc":{"start":{"line":6,"column":47},"end":{"line":6,"column":119}},"line":6},"2":{"name":"(anonymous_2)","decl":{"start":{"line":14,"column":15},"end":{"line":14,"column":16}},"loc":{"start":{"line":14,"column":35},"end":{"line":25,"column":1}},"line":14}},"branchMap":{},"s":{"0":2,"1":2,"2":2,"3":2,"4":2,"5":1,"6":1,"7":1,"8":2,"9":2,"10":2,"11":2,"12":2,"13":1,"14":1,"15":2},"f":{"0":2,"1":1,"2":2},"b":{},"_coverageSchema":"1a1c01bbd47fc00a2c39e90264f33305004495a9","hash":"48647d03cd88c2289134764dc696ea243f86e15b"}
,"/Users/rahul_behera/Desktop/backend-evaluation/src/controllers/index.js": {"path":"/Users/rahul_behera/Desktop/backend-evaluation/src/controllers/index.js","statementMap":{"0":{"start":{"line":1,"column":26},"end":{"line":1,"column":46}},"1":{"start":{"line":2,"column":25},"end":{"line":2,"column":44}},"2":{"start":{"line":3,"column":0},"end":{"line":3,"column":57}}},"fnMap":{},"branchMap":{},"s":{"0":2,"1":2,"2":2},"f":{},"b":{},"_coverageSchema":"1a1c01bbd47fc00a2c39e90264f33305004495a9","hash":"06f86530bd5207db55dca237f08d61dfa3f58c3d"}
,"/Users/rahul_behera/Desktop/backend-evaluation/src/controllers/sector.js": {"path":"/Users/rahul_behera/Desktop/backend-evaluation/src/controllers/sector.js","statementMap":{"0":{"start":{"line":1,"column":26},"end":{"line":1,"column":48}},"1":{"start":{"line":3,"column":25},"end":{"line":17,"column":1}},"2":{"start":{"line":4,"column":2},"end":{"line":16,"column":3}},"3":{"start":{"line":5,"column":18},"end":{"line":5,"column":27}},"4":{"start":{"line":6,"column":17},"end":{"line":6,"column":63}},"5":{"start":{"line":7,"column":22},"end":{"line":7,"column":34}},"6":{"start":{"line":8,"column":4},"end":{"line":10,"column":7}},"7":{"start":{"line":9,"column":6},"end":{"line":9,"column":54}},"8":{"start":{"line":11,"column":4},"end":{"line":11,"column":169}},"9":{"start":{"line":11,"column":61},"end":{"line":11,"column":164}},"10":{"start":{"line":13,"column":4},"end":{"line":15,"column":7}},"11":{"start":{"line":19,"column":0},"end":{"line":19,"column":36}}},"fnMap":{"0":{"name":"(anonymous_0)","decl":{"start":{"line":3,"column":25},"end":{"line":3,"column":26}},"loc":{"start":{"line":3,"column":45},"end":{"line":17,"column":1}},"line":3},"1":{"name":"(anonymous_1)","decl":{"start":{"line":8,"column":19},"end":{"line":8,"column":20}},"loc":{"start":{"line":8,"column":48},"end":{"line":10,"column":5}},"line":8},"2":{"name":"(anonymous_2)","decl":{"start":{"line":11,"column":39},"end":{"line":11,"column":40}},"loc":{"start":{"line":11,"column":59},"end":{"line":11,"column":166}},"line":11}},"branchMap":{"0":{"loc":{"start":{"line":9,"column":13},"end":{"line":9,"column":53}},"type":"cond-expr","locations":[{"start":{"line":9,"column":47},"end":{"line":9,"column":48}},{"start":{"line":9,"column":51},"end":{"line":9,"column":53}}],"line":9}},"s":{"0":2,"1":2,"2":2,"3":2,"4":2,"5":1,"6":1,"7":0,"8":1,"9":1,"10":1,"11":2},"f":{"0":2,"1":0,"2":1},"b":{"0":[0,0]},"_coverageSchema":"1a1c01bbd47fc00a2c39e90264f33305004495a9","hash":"1be19f145713b12c4f265e0956f9548cb043a18d"}
,"/Users/rahul_behera/Desktop/backend-evaluation/src/services/company.js": {"path":"/Users/rahul_behera/Desktop/backend-evaluation/src/services/company.js","statementMap":{"0":{"start":{"line":1,"column":14},"end":{"line":1,"column":30}},"1":{"start":{"line":2,"column":28},"end":{"line":2,"column":60}},"2":{"start":{"line":3,"column":14},"end":{"line":3,"column":33}},"3":{"start":{"line":4,"column":52},"end":{"line":4,"column":75}},"4":{"start":{"line":6,"column":13},"end":{"line":46,"column":1}},"5":{"start":{"line":7,"column":14},"end":{"line":7,"column":38}},"6":{"start":{"line":8,"column":16},"end":{"line":8,"column":41}},"7":{"start":{"line":11,"column":2},"end":{"line":24,"column":3}},"8":{"start":{"line":12,"column":4},"end":{"line":14,"column":5}},"9":{"start":{"line":13,"column":6},"end":{"line":13,"column":15}},"10":{"start":{"line":15,"column":17},"end":{"line":15,"column":40}},"11":{"start":{"line":16,"column":24},"end":{"line":16,"column":75}},"12":{"start":{"line":17,"column":20},"end":{"line":22,"column":5}},"13":{"start":{"line":23,"column":4},"end":{"line":23,"column":34}},"14":{"start":{"line":27,"column":2},"end":{"line":44,"column":3}},"15":{"start":{"line":28,"column":4},"end":{"line":29,"column":15}},"16":{"start":{"line":29,"column":6},"end":{"line":29,"column":15}},"17":{"start":{"line":30,"column":17},"end":{"line":30,"column":40}},"18":{"start":{"line":31,"column":23},"end":{"line":31,"column":73}},"19":{"start":{"line":33,"column":4},"end":{"line":33,"column":63}},"20":{"start":{"line":34,"column":4},"end":{"line":36,"column":5}},"21":{"start":{"line":35,"column":6},"end":{"line":35,"column":54}},"22":{"start":{"line":37,"column":4},"end":{"line":43,"column":7}},"23":{"start":{"line":38,"column":20},"end":{"line":38,"column":223}},"24":{"start":{"line":40,"column":6},"end":{"line":42,"column":11}},"25":{"start":{"line":45,"column":2},"end":{"line":45,"column":27}},"26":{"start":{"line":48,"column":15},"end":{"line":55,"column":1}},"27":{"start":{"line":49,"column":18},"end":{"line":49,"column":62}},"28":{"start":{"line":50,"column":2},"end":{"line":51,"column":14}},"29":{"start":{"line":51,"column":4},"end":{"line":51,"column":14}},"30":{"start":{"line":52,"column":14},"end":{"line":52,"column":52}},"31":{"start":{"line":53,"column":18},"end":{"line":53,"column":68}},"32":{"start":{"line":54,"column":2},"end":{"line":54,"column":79}},"33":{"start":{"line":57,"column":0},"end":{"line":57,"column":34}}},"fnMap":{"0":{"name":"(anonymous_0)","decl":{"start":{"line":6,"column":13},"end":{"line":6,"column":14}},"loc":{"start":{"line":6,"column":36},"end":{"line":46,"column":1}},"line":6},"1":{"name":"(anonymous_1)","decl":{"start":{"line":37,"column":28},"end":{"line":37,"column":29}},"loc":{"start":{"line":37,"column":47},"end":{"line":43,"column":5}},"line":37},"2":{"name":"(anonymous_2)","decl":{"start":{"line":48,"column":15},"end":{"line":48,"column":16}},"loc":{"start":{"line":48,"column":35},"end":{"line":55,"column":1}},"line":48}},"branchMap":{"0":{"loc":{"start":{"line":12,"column":4},"end":{"line":14,"column":5}},"type":"if","locations":[{"start":{"line":12,"column":4},"end":{"line":14,"column":5}},{"start":{},"end":{}}],"line":12},"1":{"loc":{"start":{"line":28,"column":4},"end":{"line":29,"column":15}},"type":"if","locations":[{"start":{"line":28,"column":4},"end":{"line":29,"column":15}},{"start":{},"end":{}}],"line":28},"2":{"loc":{"start":{"line":34,"column":4},"end":{"line":36,"column":5}},"type":"if","locations":[{"start":{"line":34,"column":4},"end":{"line":36,"column":5}},{"start":{},"end":{}}],"line":34},"3":{"loc":{"start":{"line":40,"column":61},"end":{"line":40,"column":78}},"type":"cond-expr","locations":[{"start":{"line":40,"column":69},"end":{"line":40,"column":74}},{"start":{"line":40,"column":77},"end":{"line":40,"column":78}}],"line":40},"4":{"loc":{"start":{"line":50,"column":2},"end":{"line":51,"column":14}},"type":"if","locations":[{"start":{"line":50,"column":2},"end":{"line":51,"column":14}},{"start":{},"end":{}}],"line":50},"5":{"loc":{"start":{"line":52,"column":14},"end":{"line":52,"column":52}},"type":"cond-expr","locations":[{"start":{"line":52,"column":25},"end":{"line":52,"column":33}},{"start":{"line":52,"column":36},"end":{"line":52,"column":52}}],"line":52},"6":{"loc":{"start":{"line":53,"column":18},"end":{"line":53,"column":68}},"type":"cond-expr","locations":[{"start":{"line":53,"column":33},"end":{"line":53,"column":45}},{"start":{"line":53,"column":48},"end":{"line":53,"column":68}}],"line":53}},"s":{"0":4,"1":4,"2":4,"3":4,"4":4,"5":2,"6":2,"7":2,"8":4,"9":2,"10":2,"11":2,"12":2,"13":2,"14":2,"15":4,"16":2,"17":2,"18":2,"19":2,"20":2,"21":1,"22":2,"23":2,"24":2,"25":2,"26":4,"27":2,"28":2,"29":1,"30":1,"31":1,"32":1,"33":4},"f":{"0":2,"1":2,"2":2},"b":{"0":[2,2],"1":[2,2],"2":[1,1],"3":[2,0],"4":[1,1],"5":[1,0],"6":[1,0]},"_coverageSchema":"1a1c01bbd47fc00a2c39e90264f33305004495a9","hash":"d0b413ec8a7bd97d040592c57259a76c71b36aa4"}
,"/Users/rahul_behera/Desktop/backend-evaluation/src/services/index.js": {"path":"/Users/rahul_behera/Desktop/backend-evaluation/src/services/index.js","statementMap":{"0":{"start":{"line":1,"column":23},"end":{"line":1,"column":43}},"1":{"start":{"line":2,"column":22},"end":{"line":2,"column":41}},"2":{"start":{"line":3,"column":0},"end":{"line":3,"column":49}}},"fnMap":{},"branchMap":{},"s":{"0":4,"1":4,"2":4},"f":{},"b":{},"_coverageSchema":"1a1c01bbd47fc00a2c39e90264f33305004495a9","hash":"74340d9fff216ff9e501750ebdab69460afc33ba"}
,"/Users/rahul_behera/Desktop/backend-evaluation/src/services/sector.js": {"path":"/Users/rahul_behera/Desktop/backend-evaluation/src/services/sector.js","statementMap":{"0":{"start":{"line":1,"column":19},"end":{"line":1,"column":51}},"1":{"start":{"line":3,"column":28},"end":{"line":5,"column":1}},"2":{"start":{"line":4,"column":2},"end":{"line":4,"column":77}},"3":{"start":{"line":7,"column":0},"end":{"line":7,"column":41}}},"fnMap":{"0":{"name":"(anonymous_0)","decl":{"start":{"line":3,"column":28},"end":{"line":3,"column":29}},"loc":{"start":{"line":3,"column":48},"end":{"line":5,"column":1}},"line":3}},"branchMap":{},"s":{"0":4,"1":4,"2":1,"3":4},"f":{"0":1},"b":{},"_coverageSchema":"1a1c01bbd47fc00a2c39e90264f33305004495a9","hash":"b112fab25f851edb2447c3088785c1b3724ae296"}
,"/Users/rahul_behera/Desktop/backend-evaluation/src/utils/index.js": {"path":"/Users/rahul_behera/Desktop/backend-evaluation/src/utils/index.js","statementMap":{"0":{"start":{"line":1,"column":23},"end":{"line":1,"column":50}},"1":{"start":{"line":2,"column":20},"end":{"line":2,"column":44}},"2":{"start":{"line":3,"column":0},"end":{"line":3,"column":49}}},"fnMap":{},"branchMap":{},"s":{"0":4,"1":4,"2":4},"f":{},"b":{},"_coverageSchema":"1a1c01bbd47fc00a2c39e90264f33305004495a9","hash":"d4f7630016974cfaf26e582bed8bd1a8c3c1cfe3"}
,"/Users/rahul_behera/Desktop/backend-evaluation/src/utils/readDataByLine.js": {"path":"/Users/rahul_behera/Desktop/backend-evaluation/src/utils/readDataByLine.js","statementMap":{"0":{"start":{"line":1,"column":23},"end":{"line":3,"column":1}},"1":{"start":{"line":2,"column":2},"end":{"line":2,"column":30}},"2":{"start":{"line":5,"column":0},"end":{"line":5,"column":32}}},"fnMap":{"0":{"name":"(anonymous_0)","decl":{"start":{"line":1,"column":23},"end":{"line":1,"column":24}},"loc":{"start":{"line":1,"column":32},"end":{"line":3,"column":1}},"line":1}},"branchMap":{},"s":{"0":4,"1":2,"2":4},"f":{"0":2},"b":{},"_coverageSchema":"1a1c01bbd47fc00a2c39e90264f33305004495a9","hash":"b5f376fbbca3fe0453b7abd2b6b4a9706f2aacc1"}
,"/Users/rahul_behera/Desktop/backend-evaluation/src/utils/splitString.js": {"path":"/Users/rahul_behera/Desktop/backend-evaluation/src/utils/splitString.js","statementMap":{"0":{"start":{"line":1,"column":20},"end":{"line":3,"column":1}},"1":{"start":{"line":2,"column":2},"end":{"line":2,"column":25}},"2":{"start":{"line":6,"column":0},"end":{"line":6,"column":29}}},"fnMap":{"0":{"name":"(anonymous_0)","decl":{"start":{"line":1,"column":20},"end":{"line":1,"column":21}},"loc":{"start":{"line":1,"column":30},"end":{"line":3,"column":1}},"line":1}},"branchMap":{},"s":{"0":4,"1":4,"2":4},"f":{"0":4},"b":{},"_coverageSchema":"1a1c01bbd47fc00a2c39e90264f33305004495a9","hash":"e18773b33520902aa728672373e1cc8d8644eca2"}
}
